<?xml version="1.0" encoding="UTF-8"?>
<!-- Generated by org.testng.reporters.JUnitReportReporter -->
<testsuite hostname="LAPTOP-8M0DA81J" failures="0" tests="2" name="NikhitaJagota.Ecommerce.StandAloneTest" time="51.594" errors="0" timestamp="2025-09-14T21:33:13 IST" skipped="0">
  <testcase classname="NikhitaJagota.Ecommerce.StandAloneTest" name="ecommereceOrder" time="34.131"/>
  <testcase classname="NikhitaJagota.Ecommerce.StandAloneTest" name="ecommereceOrder" time="17.463"/>
</testsuite> <!-- NikhitaJagota.Ecommerce.StandAloneTest -->
