<?xml version="1.0" encoding="UTF-8"?>
<!-- Generated by org.testng.reporters.JUnitReportReporter -->
<testsuite hostname="LAPTOP-8M0DA81J" failures="0" tests="1" name="NikhitaJagota.Ecommerce.ErrorValidations" time="4.640" errors="0" timestamp="2025-08-20T21:21:22 IST" skipped="0">
  <testcase classname="NikhitaJagota.Ecommerce.ErrorValidations" name="ecommereceOrder" time="4.640"/>
</testsuite> <!-- NikhitaJagota.Ecommerce.ErrorValidations -->
