<?xml version="1.0" encoding="UTF-8"?>
<!-- Generated by org.testng.reporters.JUnitReportReporter -->
<testsuite hostname="LAPTOP-8M0DA81J" failures="0" tests="2" name="NikhitaJagota.Ecommerce.StandAloneTest" time="15.607" errors="0" timestamp="2025-08-27T21:36:44 IST" skipped="0">
  <testcase classname="NikhitaJagota.Ecommerce.StandAloneTest" name="ecommereceOrder" time="8.037"/>
  <testcase classname="NikhitaJagota.Ecommerce.StandAloneTest" name="ecommereceOrder" time="7.570"/>
</testsuite> <!-- NikhitaJagota.Ecommerce.StandAloneTest -->
